<?xml version="1.0" encoding="UTF-8"?>
<!-- Generated by org.testng.reporters.JUnitReportReporter -->
<testsuite hostname="PoojithaGangarapu" failures="0" tests="2" name="org.Framewrk.Tstng_1" time="0.012" errors="0" timestamp="2024-07-02T08:58:25 IST" skipped="0">
  <testcase classname="org.Framewrk.Tstng_1" name="tc1" time="0.010"/>
  <system-out/>
  <testcase classname="org.Framewrk.Tstng_1" name="tc2" time="0.002"/>
  <system-out/>
</testsuite> <!-- org.Framewrk.Tstng_1 -->
