<?xml version="1.0" encoding="UTF-8"?>
<!-- Generated by org.testng.reporters.JUnitReportReporter -->
<testsuite hostname="PoojithaGangarapu" failures="0" tests="5" name="org.Framewrk.Testng_1" time="0.015" errors="0" timestamp="2024-07-02T12:00:42 IST" skipped="0">
  <testcase classname="org.Framewrk.Testng_1" name="tc3" time="0.006"/>
  <system-out/>
  <testcase classname="org.Framewrk.Testng_1" name="test1" time="0.003"/>
  <system-out/>
  <testcase classname="org.Framewrk.Testng_1" name="tc2" time="0.002"/>
  <system-out/>
  <testcase classname="org.Framewrk.Testng_1" name="tc1" time="0.003"/>
  <system-out/>
  <testcase classname="org.Framewrk.Testng_1" name="test2" time="0.001"/>
  <system-out/>
</testsuite> <!-- org.Framewrk.Testng_1 -->
