<?xml version="1.0" encoding="UTF-8"?>
<!-- Generated by org.testng.reporters.JUnitReportReporter -->
<testsuite hostname="PoojithaGangarapu" failures="0" tests="2" name="org.tstng.Test1" time="0.003" errors="0" timestamp="2024-07-03T14:25:40 IST" skipped="0">
  <testcase classname="org.tstng.Test1" name="tc2" time="0.002"/>
  <system-out/>
  <testcase classname="org.tstng.Test1" name="tc3" time="0.001"/>
  <system-out/>
</testsuite> <!-- org.tstng.Test1 -->
